d:\facemapping\facemapping2-master\facemapping2-master\cput\middleware\directxtex\directxtex\bin\desktop_2013\x64\debug\directxtex.pch
d:\facemapping\facemapping2-master\facemapping2-master\cput\middleware\directxtex\directxtex\bin\desktop_2013\x64\debug\directxtex.pdb
d:\facemapping\facemapping2-master\facemapping2-master\cput\middleware\directxtex\directxtex\bin\desktop_2013\x64\debug\directxtexutil.obj
d:\facemapping\facemapping2-master\facemapping2-master\cput\middleware\directxtex\directxtex\bin\desktop_2013\x64\debug\directxtexwic.obj
d:\facemapping\facemapping2-master\facemapping2-master\cput\middleware\directxtex\directxtex\bin\desktop_2013\x64\debug\directxtextga.obj
d:\facemapping\facemapping2-master\facemapping2-master\cput\middleware\directxtex\directxtex\bin\desktop_2013\x64\debug\directxtexresize.obj
d:\facemapping\facemapping2-master\facemapping2-master\cput\middleware\directxtex\directxtex\bin\desktop_2013\x64\debug\directxtexpmalpha.obj
d:\facemapping\facemapping2-master\facemapping2-master\cput\middleware\directxtex\directxtex\bin\desktop_2013\x64\debug\directxtexnormalmaps.obj
d:\facemapping\facemapping2-master\facemapping2-master\cput\middleware\directxtex\directxtex\bin\desktop_2013\x64\debug\directxtexmisc.obj
d:\facemapping\facemapping2-master\facemapping2-master\cput\middleware\directxtex\directxtex\bin\desktop_2013\x64\debug\directxtexmipmaps.obj
d:\facemapping\facemapping2-master\facemapping2-master\cput\middleware\directxtex\directxtex\bin\desktop_2013\x64\debug\directxteximage.obj
d:\facemapping\facemapping2-master\facemapping2-master\cput\middleware\directxtex\directxtex\bin\desktop_2013\x64\debug\directxtexfliprotate.obj
d:\facemapping\facemapping2-master\facemapping2-master\cput\middleware\directxtex\directxtex\bin\desktop_2013\x64\debug\directxtexdds.obj
d:\facemapping\facemapping2-master\facemapping2-master\cput\middleware\directxtex\directxtex\bin\desktop_2013\x64\debug\directxtexd3d11.obj
d:\facemapping\facemapping2-master\facemapping2-master\cput\middleware\directxtex\directxtex\bin\desktop_2013\x64\debug\directxtexconvert.obj
d:\facemapping\facemapping2-master\facemapping2-master\cput\middleware\directxtex\directxtex\bin\desktop_2013\x64\debug\directxtexcompressgpu.obj
d:\facemapping\facemapping2-master\facemapping2-master\cput\middleware\directxtex\directxtex\bin\desktop_2013\x64\debug\directxtexcompress.obj
d:\facemapping\facemapping2-master\facemapping2-master\cput\middleware\directxtex\directxtex\bin\desktop_2013\x64\debug\bcdirectcompute.obj
d:\facemapping\facemapping2-master\facemapping2-master\cput\middleware\directxtex\directxtex\bin\desktop_2013\x64\debug\bc6hbc7.obj
d:\facemapping\facemapping2-master\facemapping2-master\cput\middleware\directxtex\directxtex\bin\desktop_2013\x64\debug\bc4bc5.obj
d:\facemapping\facemapping2-master\facemapping2-master\cput\middleware\directxtex\directxtex\bin\desktop_2013\x64\debug\bc.obj
d:\facemapping\facemapping2-master\facemapping2-master\cput\middleware\directxtex\directxtex\bin\desktop_2013\x64\debug\directxtex.lib
d:\facemapping\facemapping2-master\facemapping2-master\cput\middleware\directxtex\directxtex\bin\desktop_2013\x64\debug\directxtex.tlog\cl.command.1.tlog
d:\facemapping\facemapping2-master\facemapping2-master\cput\middleware\directxtex\directxtex\bin\desktop_2013\x64\debug\directxtex.tlog\cl.read.1.tlog
d:\facemapping\facemapping2-master\facemapping2-master\cput\middleware\directxtex\directxtex\bin\desktop_2013\x64\debug\directxtex.tlog\cl.write.1.tlog
d:\facemapping\facemapping2-master\facemapping2-master\cput\middleware\directxtex\directxtex\bin\desktop_2013\x64\debug\directxtex.tlog\lib-link.read.1.tlog
d:\facemapping\facemapping2-master\facemapping2-master\cput\middleware\directxtex\directxtex\bin\desktop_2013\x64\debug\directxtex.tlog\lib-link.write.1.tlog
d:\facemapping\facemapping2-master\facemapping2-master\cput\middleware\directxtex\directxtex\bin\desktop_2013\x64\debug\directxtex.tlog\lib.command.1.tlog
