d:\facemapping\facemapping2-master\facemapping2-master\cput\build\intermediate\x32\release_dx\v140\cputdx.pdb
d:\facemapping\facemapping2-master\facemapping2-master\cput\build\intermediate\x32\release_dx\v140\stb_image.obj
d:\facemapping\facemapping2-master\facemapping2-master\cput\build\intermediate\x32\release_dx\v140\cputconfigblock.obj
d:\facemapping\facemapping2-master\facemapping2-master\cput\build\intermediate\x32\release_dx\v140\cputlight.obj
d:\facemapping\facemapping2-master\facemapping2-master\cput\build\intermediate\x32\release_dx\v140\cputassetlibrarydx11.obj
d:\facemapping\facemapping2-master\facemapping2-master\cput\build\intermediate\x32\release_dx\v140\cputrendertarget.obj
d:\facemapping\facemapping2-master\facemapping2-master\cput\build\intermediate\x32\release_dx\v140\cputfont.obj
d:\facemapping\facemapping2-master\facemapping2-master\cput\build\intermediate\x32\release_dx\v140\cputmaterial.obj
d:\facemapping\facemapping2-master\facemapping2-master\cput\build\intermediate\x32\release_dx\v140\cputsoftwaretexture.obj
d:\facemapping\facemapping2-master\facemapping2-master\cput\build\intermediate\x32\release_dx\v140\cputhullshaderdx11.obj
d:\facemapping\facemapping2-master\facemapping2-master\cput\build\intermediate\x32\release_dx\v140\cputosserviceswin.obj
d:\facemapping\facemapping2-master\facemapping2-master\cput\build\intermediate\x32\release_dx\v140\cputdropdown.obj
d:\facemapping\facemapping2-master\facemapping2-master\cput\build\intermediate\x32\release_dx\v140\cputmodel.obj
d:\facemapping\facemapping2-master\facemapping2-master\cput\build\intermediate\x32\release_dx\v140\cputcomputeshaderdx11.obj
d:\facemapping\facemapping2-master\facemapping2-master\cput\build\intermediate\x32\release_dx\v140\cputrenderstateblockdx11.obj
d:\facemapping\facemapping2-master\facemapping2-master\cput\build\intermediate\x32\release_dx\v140\cputassetlibrary.obj
d:\facemapping\facemapping2-master\facemapping2-master\cput\build\intermediate\x32\release_dx\v140\cputskeleton.obj
d:\facemapping\facemapping2-master\facemapping2-master\cput\build\intermediate\x32\release_dx\v140\cputgeometryshaderdx11.obj
d:\facemapping\facemapping2-master\facemapping2-master\cput\build\intermediate\x32\release_dx\v140\cputtexturedx11.obj
d:\facemapping\facemapping2-master\facemapping2-master\cput\build\intermediate\x32\release_dx\v140\cputanimation.obj
d:\facemapping\facemapping2-master\facemapping2-master\cput\build\intermediate\x32\release_dx\v140\cputrendernode.obj
d:\facemapping\facemapping2-master\facemapping2-master\cput\build\intermediate\x32\release_dx\v140\cputdomainshaderdx11.obj
d:\facemapping\facemapping2-master\facemapping2-master\cput\build\intermediate\x32\release_dx\v140\cputshaderdx11.obj
d:\facemapping\facemapping2-master\facemapping2-master\cput\build\intermediate\x32\release_dx\v140\screengrab.obj
d:\facemapping\facemapping2-master\facemapping2-master\cput\build\intermediate\x32\release_dx\v140\cputcheckbox.obj
d:\facemapping\facemapping2-master\facemapping2-master\cput\build\intermediate\x32\release_dx\v140\cputnullnode.obj
d:\facemapping\facemapping2-master\facemapping2-master\cput\build\intermediate\x32\release_dx\v140\cputbufferdx11.obj
d:\facemapping\facemapping2-master\facemapping2-master\cput\build\intermediate\x32\release_dx\v140\cputpostprocess.obj
d:\facemapping\facemapping2-master\facemapping2-master\cput\build\intermediate\x32\release_dx\v140\cputbutton.obj
d:\facemapping\facemapping2-master\facemapping2-master\cput\build\intermediate\x32\release_dx\v140\cputmesh.obj
d:\facemapping\facemapping2-master\facemapping2-master\cput\build\intermediate\x32\release_dx\v140\cputsprite.obj
d:\facemapping\facemapping2-master\facemapping2-master\cput\build\intermediate\x32\release_dx\v140\cputmaterialdx11.obj
d:\facemapping\facemapping2-master\facemapping2-master\cput\build\intermediate\x32\release_dx\v140\cputwindowwin.obj
d:\facemapping\facemapping2-master\facemapping2-master\cput\build\intermediate\x32\release_dx\v140\cputassetset.obj
d:\facemapping\facemapping2-master\facemapping2-master\cput\build\intermediate\x32\release_dx\v140\cputscene.obj
d:\facemapping\facemapping2-master\facemapping2-master\cput\build\intermediate\x32\release_dx\v140\cputgputimerdx11.obj
d:\facemapping\facemapping2-master\facemapping2-master\cput\build\intermediate\x32\release_dx\v140\cputvertexshaderdx11.obj
d:\facemapping\facemapping2-master\facemapping2-master\cput\build\intermediate\x32\release_dx\v140\cputcamera.obj
d:\facemapping\facemapping2-master\facemapping2-master\cput\build\intermediate\x32\release_dx\v140\cputrenderstateblock.obj
d:\facemapping\facemapping2-master\facemapping2-master\cput\build\intermediate\x32\release_dx\v140\cputtexture.obj
d:\facemapping\facemapping2-master\facemapping2-master\cput\build\intermediate\x32\release_dx\v140\cputpixelshaderdx11.obj
d:\facemapping\facemapping2-master\facemapping2-master\cput\build\intermediate\x32\release_dx\v140\wictextureloader.obj
d:\facemapping\facemapping2-master\facemapping2-master\cput\build\intermediate\x32\release_dx\v140\cputcontrol.obj
d:\facemapping\facemapping2-master\facemapping2-master\cput\build\intermediate\x32\release_dx\v140\cputitttaskmarker.obj
d:\facemapping\facemapping2-master\facemapping2-master\cput\build\intermediate\x32\release_dx\v140\cputsoftwaremesh.obj
d:\facemapping\facemapping2-master\facemapping2-master\cput\build\intermediate\x32\release_dx\v140\cputinputlayoutcachedx11.obj
d:\facemapping\facemapping2-master\facemapping2-master\cput\build\intermediate\x32\release_dx\v140\cputtimerwin.obj
d:\facemapping\facemapping2-master\facemapping2-master\cput\build\intermediate\x32\release_dx\v140\cputguicontroller.obj
d:\facemapping\facemapping2-master\facemapping2-master\cput\build\intermediate\x32\release_dx\v140\cputparser.obj
d:\facemapping\facemapping2-master\facemapping2-master\cput\build\intermediate\x32\release_dx\v140\cputslider.obj
d:\facemapping\facemapping2-master\facemapping2-master\cput\build\intermediate\x32\release_dx\v140\cputguicontrollerdx11.obj
d:\facemapping\facemapping2-master\facemapping2-master\cput\build\intermediate\x32\release_dx\v140\cput_dx11.obj
d:\facemapping\facemapping2-master\facemapping2-master\cput\build\intermediate\x32\release_dx\v140\cputfrustum.obj
d:\facemapping\facemapping2-master\facemapping2-master\cput\build\intermediate\x32\release_dx\v140\cputperftaskmarker.obj
d:\facemapping\facemapping2-master\facemapping2-master\cput\build\intermediate\x32\release_dx\v140\cputtext.obj
d:\facemapping\facemapping2-master\facemapping2-master\cput\build\intermediate\x32\release_dx\v140\cputmeshdx11.obj
d:\facemapping\facemapping2-master\facemapping2-master\cput\build\intermediate\x32\release_dx\v140\ddstextureloader.obj
d:\facemapping\facemapping2-master\facemapping2-master\cput\lib\x32\v140\release\cputdx.lib
d:\facemapping\facemapping2-master\facemapping2-master\facescan\build\vs2013\..\..\..\cput\lib\x32\v140\release\cputdx.lib
d:\facemapping\facemapping2-master\facemapping2-master\cput\build\intermediate\x32\release_dx\v140\cputdx.tlog\cl.command.1.tlog
d:\facemapping\facemapping2-master\facemapping2-master\cput\build\intermediate\x32\release_dx\v140\cputdx.tlog\cl.read.1.tlog
d:\facemapping\facemapping2-master\facemapping2-master\cput\build\intermediate\x32\release_dx\v140\cputdx.tlog\cl.write.1.tlog
d:\facemapping\facemapping2-master\facemapping2-master\cput\build\intermediate\x32\release_dx\v140\cputdx.tlog\lib-link.read.1.tlog
d:\facemapping\facemapping2-master\facemapping2-master\cput\build\intermediate\x32\release_dx\v140\cputdx.tlog\lib-link.write.1.tlog
d:\facemapping\facemapping2-master\facemapping2-master\cput\build\intermediate\x32\release_dx\v140\cputdx.tlog\lib.command.1.tlog
