d:\facemapping\facemapping2-master\facemapping2-master\facescan\build\intermediate\x64\debug_dx\v140\gamefacescan.obj
d:\facemapping\facemapping2-master\facemapping2-master\facescan\build\intermediate\x64\debug_dx\v140\imgui.obj
d:\facemapping\facemapping2-master\facemapping2-master\facescan\build\intermediate\x64\debug_dx\v140\cheadblendstage.obj
d:\facemapping\facemapping2-master\facemapping2-master\facescan\build\intermediate\x64\debug_dx\v140\samplestart.obj
d:\facemapping\facemapping2-master\facemapping2-master\facescan\build\intermediate\x64\debug_dx\v140\imgui_draw.obj
d:\facemapping\facemapping2-master\facemapping2-master\facescan\build\intermediate\x64\debug_dx\v140\facemaputil.obj
d:\facemapping\facemapping2-master\facemapping2-master\facescan\build\intermediate\x64\debug_dx\v140\objexporter.obj
d:\facemapping\facemapping2-master\facemapping2-master\facescan\build\intermediate\x64\debug_dx\v140\chairgeometrystage.obj
d:\facemapping\facemapping2-master\facemapping2-master\facescan\build\intermediate\x64\debug_dx\v140\cpipeline.obj
d:\facemapping\facemapping2-master\facemapping2-master\facescan\build\intermediate\x64\debug_dx\v140\objloader.obj
d:\facemapping\facemapping2-master\facemapping2-master\facescan\build\intermediate\x64\debug_dx\v140\cdisplacementmapstage.obj
d:\facemapping\facemapping2-master\facemapping2-master\facescan\build\intermediate\x64\debug_dx\v140\sampleutil.obj
d:\facemapping\facemapping2-master\facemapping2-master\facescan\build\intermediate\x64\debug_dx\v140\imgui_demo.obj
d:\facemapping\facemapping2-master\facemapping2-master\facescan\build\intermediate\x64\debug_dx\v140\cheadgeometrystage.obj
d:\facemapping\facemapping2-master\facemapping2-master\facescan\build\intermediate\x64\debug_dx\v140\windowsmain.obj
d:\facemapping\facemapping2-master\facemapping2-master\facescan\build\intermediate\x64\debug_dx\v140\imgui_impl_dx11.obj
d:\facemapping\facemapping2-master\facemapping2-master\facescan\build\intermediate\x64\debug_dx\v140\vc140.pdb
d:\facemapping\facemapping2-master\facemapping2-master\facescan\build\intermediate\x64\debug_dx\v140\facescandx.tlog\cl.command.1.tlog
d:\facemapping\facemapping2-master\facemapping2-master\facescan\build\intermediate\x64\debug_dx\v140\facescandx.tlog\cl.read.1.tlog
d:\facemapping\facemapping2-master\facemapping2-master\facescan\build\intermediate\x64\debug_dx\v140\facescandx.tlog\cl.write.1.tlog
