d:\facemapping\facemapping2-master\facemapping2-master\cput\middleware\directxtex\directxtex\bin\desktop_2013\x64\release\directxtex.pch
d:\facemapping\facemapping2-master\facemapping2-master\cput\middleware\directxtex\directxtex\bin\desktop_2013\x64\release\directxtex.pdb
d:\facemapping\facemapping2-master\facemapping2-master\cput\middleware\directxtex\directxtex\bin\desktop_2013\x64\release\directxtexutil.obj
d:\facemapping\facemapping2-master\facemapping2-master\cput\middleware\directxtex\directxtex\bin\desktop_2013\x64\release\directxtexwic.obj
d:\facemapping\facemapping2-master\facemapping2-master\cput\middleware\directxtex\directxtex\bin\desktop_2013\x64\release\directxtextga.obj
d:\facemapping\facemapping2-master\facemapping2-master\cput\middleware\directxtex\directxtex\bin\desktop_2013\x64\release\directxtexresize.obj
d:\facemapping\facemapping2-master\facemapping2-master\cput\middleware\directxtex\directxtex\bin\desktop_2013\x64\release\directxtexpmalpha.obj
d:\facemapping\facemapping2-master\facemapping2-master\cput\middleware\directxtex\directxtex\bin\desktop_2013\x64\release\directxtexnormalmaps.obj
d:\facemapping\facemapping2-master\facemapping2-master\cput\middleware\directxtex\directxtex\bin\desktop_2013\x64\release\directxtexmisc.obj
d:\facemapping\facemapping2-master\facemapping2-master\cput\middleware\directxtex\directxtex\bin\desktop_2013\x64\release\directxtexmipmaps.obj
d:\facemapping\facemapping2-master\facemapping2-master\cput\middleware\directxtex\directxtex\bin\desktop_2013\x64\release\directxteximage.obj
d:\facemapping\facemapping2-master\facemapping2-master\cput\middleware\directxtex\directxtex\bin\desktop_2013\x64\release\directxtexfliprotate.obj
d:\facemapping\facemapping2-master\facemapping2-master\cput\middleware\directxtex\directxtex\bin\desktop_2013\x64\release\directxtexdds.obj
d:\facemapping\facemapping2-master\facemapping2-master\cput\middleware\directxtex\directxtex\bin\desktop_2013\x64\release\directxtexd3d11.obj
d:\facemapping\facemapping2-master\facemapping2-master\cput\middleware\directxtex\directxtex\bin\desktop_2013\x64\release\directxtexconvert.obj
d:\facemapping\facemapping2-master\facemapping2-master\cput\middleware\directxtex\directxtex\bin\desktop_2013\x64\release\directxtexcompressgpu.obj
d:\facemapping\facemapping2-master\facemapping2-master\cput\middleware\directxtex\directxtex\bin\desktop_2013\x64\release\directxtexcompress.obj
d:\facemapping\facemapping2-master\facemapping2-master\cput\middleware\directxtex\directxtex\bin\desktop_2013\x64\release\bcdirectcompute.obj
d:\facemapping\facemapping2-master\facemapping2-master\cput\middleware\directxtex\directxtex\bin\desktop_2013\x64\release\bc6hbc7.obj
d:\facemapping\facemapping2-master\facemapping2-master\cput\middleware\directxtex\directxtex\bin\desktop_2013\x64\release\bc4bc5.obj
d:\facemapping\facemapping2-master\facemapping2-master\cput\middleware\directxtex\directxtex\bin\desktop_2013\x64\release\bc.obj
d:\facemapping\facemapping2-master\facemapping2-master\cput\middleware\directxtex\directxtex\bin\desktop_2013\x64\release\directxtex.lib
d:\facemapping\facemapping2-master\facemapping2-master\cput\middleware\directxtex\directxtex\bin\desktop_2013\x64\release\directxtex.tlog\cl.command.1.tlog
d:\facemapping\facemapping2-master\facemapping2-master\cput\middleware\directxtex\directxtex\bin\desktop_2013\x64\release\directxtex.tlog\cl.read.1.tlog
d:\facemapping\facemapping2-master\facemapping2-master\cput\middleware\directxtex\directxtex\bin\desktop_2013\x64\release\directxtex.tlog\cl.write.1.tlog
d:\facemapping\facemapping2-master\facemapping2-master\cput\middleware\directxtex\directxtex\bin\desktop_2013\x64\release\directxtex.tlog\lib-link.read.1.tlog
d:\facemapping\facemapping2-master\facemapping2-master\cput\middleware\directxtex\directxtex\bin\desktop_2013\x64\release\directxtex.tlog\lib-link.write.1.tlog
d:\facemapping\facemapping2-master\facemapping2-master\cput\middleware\directxtex\directxtex\bin\desktop_2013\x64\release\directxtex.tlog\lib.command.1.tlog
